16:16:48.146 INFO  [background-preinit][Version.<clinit>\(Version.java:21\16:16:48.200 INFO  [restartedMain][StaffSeatsBackendApplication.logStarting\(StartupInfoLogger.java:50\16:16:48.202 INFO  [restartedMain][StaffSeatsBackendApplication.logStartupProfileInfo\(SpringApplication.java:654\16:16:48.279 INFO  [restartedMain][DevToolsPropertyDefaultsPostProcessor.logTo\(DeferredLog.java:252\16:16:48.280 INFO  [restartedMain][DevToolsPropertyDefaultsPostProcessor.logTo\(DeferredLog.java:252\16:16:49.140 INFO  [restartedMain][RepositoryConfigurationDelegate.registerRepositoriesIn\(RepositoryConfigurationDelegate.java:139\16:16:49.209 INFO  [restartedMain][RepositoryConfigurationDelegate.registerRepositoriesIn\(RepositoryConfigurationDelegate.java:208\16:16:50.022 INFO  [restartedMain][TomcatWebServer.initialize\(TomcatWebServer.java:109\16:16:50.042 INFO  [restartedMain][Http11NioProtocol.log\(DirectJDKLog.java:173\16:16:50.044 INFO  [restartedMain][StandardService.log\(DirectJDKLog.java:173\16:16:50.044 INFO  [restartedMain][StandardEngine.log\(DirectJDKLog.java:173\16:16:50.109 INFO  [restartedMain][[/].log\(DirectJDKLog.java:173\16:16:50.110 INFO  [restartedMain][ServletWebServerApplicationContext.prepareWebApplicationContext\(ServletWebServerApplicationContext.java:296\16:16:50.235 INFO  [restartedMain][HikariDataSource.getConnection\(HikariDataSource.java:110\16:16:50.617 INFO  [restartedMain][HikariPool.checkFailFast\(HikariPool.java:565\16:16:50.621 INFO  [restartedMain][HikariDataSource.getConnection\(HikariDataSource.java:123\16:16:50.633 INFO  [restartedMain][H2ConsoleAutoConfiguration.logDataSources\(H2ConsoleAutoConfiguration.java:88\16:16:50.937 INFO  [restartedMain][LogHelper.logPersistenceUnitInformation\(LogHelper.java:31\16:16:51.050 INFO  [restartedMain][Version.logVersion\(Version.java:44\16:16:51.093 INFO  [restartedMain][RegionFactoryInitiator.initiateService\(RegionFactoryInitiator.java:50\16:16:51.344 INFO  [restartedMain][SpringPersistenceUnitInfo.addTransformer\(SpringPersistenceUnitInfo.java:87\16:16:52.237 INFO  [restartedMain][JtaPlatformInitiator.initiateService\(JtaPlatformInitiator.java:58\16:16:52.243 INFO  [restartedMain][LocalContainerEntityManagerFactoryBean.buildNativeEntityManagerFactory\(AbstractEntityManagerFactoryBean.java:437\16:16:52.711 INFO  [restartedMain][QueryEnhancerFactory.<clinit>\(QueryEnhancerFactory.java:49\16:16:53.059 WARN  [restartedMain][AnnotationConfigServletWebServerApplicationContext.refresh\(AbstractApplicationContext.java:632\16:16:53.061 INFO  [restartedMain][LocalContainerEntityManagerFactoryBean.destroy\(AbstractEntityManagerFactoryBean.java:650\16:16:53.066 INFO  [restartedMain][HikariDataSource.close\(HikariDataSource.java:350\16:16:53.074 INFO  [restartedMain][HikariDataSource.close\(HikariDataSource.java:352\16:16:53.077 INFO  [restartedMain][StandardService.log\(DirectJDKLog.java:173\16:16:53.090 INFO  [restartedMain][ConditionEvaluationReportLogger.logMessage\(ConditionEvaluationReportLogger.java:82\16:16:53.108 ERROR [restartedMain][SpringApplication.reportFailure\(SpringApplication.java:851\org.springframework.beans.factory.UnsatisfiedDependencyException: Error creating bean with name 'employeeController': Unsatisfied dependency expressed through field 'service': Error creating bean with name 'employeeServiceImpl': Unsatisfied dependency expressed through field 'employeeDao': Error creating bean with name 'employeeDao' defined in com.example.staffSeatsBackend.repository.EmployeeDao defined in @EnableJpaRepositories declared on JpaRepositoriesRegistrar.EnableJpaRepositoriesConfiguration: Could not create query for public abstract int com.example.staffSeatsBackend.repository.EmployeeDao.insert(java.lang.String,java.lang.String,java.lang.String); Reason: Validation failed for query for method public abstract int com.example.staffSeatsBackend.repository.EmployeeDao.insert(java.lang.String,java.lang.String,java.lang.String)
	at org.springframework.beans.factory.annotation.AutowiredAnnotationBeanPostProcessor$AutowiredFieldElement.resolveFieldValue(AutowiredAnnotationBeanPostProcessor.java:787)
	at org.springframework.beans.factory.annotation.AutowiredAnnotationBeanPostProcessor$AutowiredFieldElement.inject(AutowiredAnnotationBeanPostProcessor.java:767)
	at org.springframework.beans.factory.annotation.InjectionMetadata.inject(InjectionMetadata.java:145)
	at org.springframework.beans.factory.annotation.AutowiredAnnotationBeanPostProcessor.postProcessProperties(AutowiredAnnotationBeanPostProcessor.java:508)
	at org.springframework.beans.factory.support.AbstractAutowireCapableBeanFactory.populateBean(AbstractAutowireCapableBeanFactory.java:1418)
	at org.springframework.beans.factory.support.AbstractAutowireCapableBeanFactory.doCreateBean(AbstractAutowireCapableBeanFactory.java:598)
	at org.springframework.beans.factory.support.AbstractAutowireCapableBeanFactory.createBean(AbstractAutowireCapableBeanFactory.java:521)
	at org.springframework.beans.factory.support.AbstractBeanFactory.lambda$doGetBean$0(AbstractBeanFactory.java:325)
	at org.springframework.beans.factory.support.DefaultSingletonBeanRegistry.getSingleton(DefaultSingletonBeanRegistry.java:234)
	at org.springframework.beans.factory.support.AbstractBeanFactory.doGetBean(AbstractBeanFactory.java:323)
	at org.springframework.beans.factory.support.AbstractBeanFactory.getBean(AbstractBeanFactory.java:199)
	at org.springframework.beans.factory.support.DefaultListableBeanFactory.preInstantiateSingletons(DefaultListableBeanFactory.java:975)
	at org.springframework.context.support.AbstractApplicationContext.finishBeanFactoryInitialization(AbstractApplicationContext.java:959)
	at org.springframework.context.support.AbstractApplicationContext.refresh(AbstractApplicationContext.java:624)
	at org.springframework.boot.web.servlet.context.ServletWebServerApplicationContext.refresh(ServletWebServerApplicationContext.java:146)
	at org.springframework.boot.SpringApplication.refresh(SpringApplication.java:754)
	at org.springframework.boot.SpringApplication.refreshContext(SpringApplication.java:456)
	at org.springframework.boot.SpringApplication.run(SpringApplication.java:334)
	at org.springframework.boot.SpringApplication.run(SpringApplication.java:1354)
	at org.springframework.boot.SpringApplication.run(SpringApplication.java:1343)
	at com.example.staffSeatsBackend.StaffSeatsBackendApplication.main(StaffSeatsBackendApplication.java:10)
	at java.base/jdk.internal.reflect.NativeMethodAccessorImpl.invoke0(Native Method)
	at java.base/jdk.internal.reflect.NativeMethodAccessorImpl.invoke(NativeMethodAccessorImpl.java:77)
	at java.base/jdk.internal.reflect.DelegatingMethodAccessorImpl.invoke(DelegatingMethodAccessorImpl.java:43)
	at java.base/java.lang.reflect.Method.invoke(Method.java:568)
	at org.springframework.boot.devtools.restart.RestartLauncher.run(RestartLauncher.java:50)
Caused by: org.springframework.beans.factory.UnsatisfiedDependencyException: Error creating bean with name 'employeeServiceImpl': Unsatisfied dependency expressed through field 'employeeDao': Error creating bean with name 'employeeDao' defined in com.example.staffSeatsBackend.repository.EmployeeDao defined in @EnableJpaRepositories declared on JpaRepositoriesRegistrar.EnableJpaRepositoriesConfiguration: Could not create query for public abstract int com.example.staffSeatsBackend.repository.EmployeeDao.insert(java.lang.String,java.lang.String,java.lang.String); Reason: Validation failed for query for method public abstract int com.example.staffSeatsBackend.repository.EmployeeDao.insert(java.lang.String,java.lang.String,java.lang.String)
	at org.springframework.beans.factory.annotation.AutowiredAnnotationBeanPostProcessor$AutowiredFieldElement.resolveFieldValue(AutowiredAnnotationBeanPostProcessor.java:787)
	at org.springframework.beans.factory.annotation.AutowiredAnnotationBeanPostProcessor$AutowiredFieldElement.inject(AutowiredAnnotationBeanPostProcessor.java:767)
	at org.springframework.beans.factory.annotation.InjectionMetadata.inject(InjectionMetadata.java:145)
	at org.springframework.beans.factory.annotation.AutowiredAnnotationBeanPostProcessor.postProcessProperties(AutowiredAnnotationBeanPostProcessor.java:508)
	at org.springframework.beans.factory.support.AbstractAutowireCapableBeanFactory.populateBean(AbstractAutowireCapableBeanFactory.java:1418)
	at org.springframework.beans.factory.support.AbstractAutowireCapableBeanFactory.doCreateBean(AbstractAutowireCapableBeanFactory.java:598)
	at org.springframework.beans.factory.support.AbstractAutowireCapableBeanFactory.createBean(AbstractAutowireCapableBeanFactory.java:521)
	at org.springframework.beans.factory.support.AbstractBeanFactory.lambda$doGetBean$0(AbstractBeanFactory.java:325)
	at org.springframework.beans.factory.support.DefaultSingletonBeanRegistry.getSingleton(DefaultSingletonBeanRegistry.java:234)
	at org.springframework.beans.factory.support.AbstractBeanFactory.doGetBean(AbstractBeanFactory.java:323)
	at org.springframework.beans.factory.support.AbstractBeanFactory.getBean(AbstractBeanFactory.java:199)
	at org.springframework.beans.factory.config.DependencyDescriptor.resolveCandidate(DependencyDescriptor.java:254)
	at org.springframework.beans.factory.support.DefaultListableBeanFactory.doResolveDependency(DefaultListableBeanFactory.java:1443)
	at org.springframework.beans.factory.support.DefaultListableBeanFactory.resolveDependency(DefaultListableBeanFactory.java:1353)
	at org.springframework.beans.factory.annotation.AutowiredAnnotationBeanPostProcessor$AutowiredFieldElement.resolveFieldValue(AutowiredAnnotationBeanPostProcessor.java:784)
	... 25 common frames omitted
Caused by: org.springframework.beans.factory.BeanCreationException: Error creating bean with name 'employeeDao' defined in com.example.staffSeatsBackend.repository.EmployeeDao defined in @EnableJpaRepositories declared on JpaRepositoriesRegistrar.EnableJpaRepositoriesConfiguration: Could not create query for public abstract int com.example.staffSeatsBackend.repository.EmployeeDao.insert(java.lang.String,java.lang.String,java.lang.String); Reason: Validation failed for query for method public abstract int com.example.staffSeatsBackend.repository.EmployeeDao.insert(java.lang.String,java.lang.String,java.lang.String)
	at org.springframework.beans.factory.support.AbstractAutowireCapableBeanFactory.initializeBean(AbstractAutowireCapableBeanFactory.java:1773)
	at org.springframework.beans.factory.support.AbstractAutowireCapableBeanFactory.doCreateBean(AbstractAutowireCapableBeanFactory.java:599)
	at org.springframework.beans.factory.support.AbstractAutowireCapableBeanFactory.createBean(AbstractAutowireCapableBeanFactory.java:521)
	at org.springframework.beans.factory.support.AbstractBeanFactory.lambda$doGetBean$0(AbstractBeanFactory.java:325)
	at org.springframework.beans.factory.support.DefaultSingletonBeanRegistry.getSingleton(DefaultSingletonBeanRegistry.java:234)
	at org.springframework.beans.factory.support.AbstractBeanFactory.doGetBean(AbstractBeanFactory.java:323)
	at org.springframework.beans.factory.support.AbstractBeanFactory.getBean(AbstractBeanFactory.java:199)
	at org.springframework.beans.factory.config.DependencyDescriptor.resolveCandidate(DependencyDescriptor.java:254)
	at org.springframework.beans.factory.support.DefaultListableBeanFactory.doResolveDependency(DefaultListableBeanFactory.java:1443)
	at org.springframework.beans.factory.support.DefaultListableBeanFactory.resolveDependency(DefaultListableBeanFactory.java:1353)
	at org.springframework.beans.factory.annotation.AutowiredAnnotationBeanPostProcessor$AutowiredFieldElement.resolveFieldValue(AutowiredAnnotationBeanPostProcessor.java:784)
	... 39 common frames omitted
Caused by: org.springframework.data.repository.query.QueryCreationException: Could not create query for public abstract int com.example.staffSeatsBackend.repository.EmployeeDao.insert(java.lang.String,java.lang.String,java.lang.String); Reason: Validation failed for query for method public abstract int com.example.staffSeatsBackend.repository.EmployeeDao.insert(java.lang.String,java.lang.String,java.lang.String)
	at org.springframework.data.repository.query.QueryCreationException.create(QueryCreationException.java:101)
	at org.springframework.data.repository.core.support.QueryExecutorMethodInterceptor.lookupQuery(QueryExecutorMethodInterceptor.java:115)
	at org.springframework.data.repository.core.support.QueryExecutorMethodInterceptor.mapMethodsToQuery(QueryExecutorMethodInterceptor.java:99)
	at org.springframework.data.repository.core.support.QueryExecutorMethodInterceptor.lambda$new$0(QueryExecutorMethodInterceptor.java:88)
	at java.base/java.util.Optional.map(Optional.java:260)
	at org.springframework.data.repository.core.support.QueryExecutorMethodInterceptor.<init>(QueryExecutorMethodInterceptor.java:88)
	at org.springframework.data.repository.core.support.RepositoryFactorySupport.getRepository(RepositoryFactorySupport.java:357)
	at org.springframework.data.repository.core.support.RepositoryFactoryBeanSupport.lambda$afterPropertiesSet$5(RepositoryFactoryBeanSupport.java:279)
	at org.springframework.data.util.Lazy.getNullable(Lazy.java:135)
	at org.springframework.data.util.Lazy.get(Lazy.java:113)
	at org.springframework.data.repository.core.support.RepositoryFactoryBeanSupport.afterPropertiesSet(RepositoryFactoryBeanSupport.java:285)
	at org.springframework.data.jpa.repository.support.JpaRepositoryFactoryBean.afterPropertiesSet(JpaRepositoryFactoryBean.java:132)
	at org.springframework.beans.factory.support.AbstractAutowireCapableBeanFactory.invokeInitMethods(AbstractAutowireCapableBeanFactory.java:1820)
	at org.springframework.beans.factory.support.AbstractAutowireCapableBeanFactory.initializeBean(AbstractAutowireCapableBeanFactory.java:1769)
	... 49 common frames omitted
Caused by: java.lang.IllegalArgumentException: Validation failed for query for method public abstract int com.example.staffSeatsBackend.repository.EmployeeDao.insert(java.lang.String,java.lang.String,java.lang.String)
	at org.springframework.data.jpa.repository.query.SimpleJpaQuery.validateQuery(SimpleJpaQuery.java:100)
	at org.springframework.data.jpa.repository.query.SimpleJpaQuery.<init>(SimpleJpaQuery.java:70)
	at org.springframework.data.jpa.repository.query.JpaQueryFactory.fromMethodWithQueryString(JpaQueryFactory.java:60)
	at org.springframework.data.jpa.repository.query.JpaQueryLookupStrategy$DeclaredQueryLookupStrategy.resolveQuery(JpaQueryLookupStrategy.java:170)
	at org.springframework.data.jpa.repository.query.JpaQueryLookupStrategy$CreateIfNotFoundQueryLookupStrategy.resolveQuery(JpaQueryLookupStrategy.java:252)
	at org.springframework.data.jpa.repository.query.JpaQueryLookupStrategy$AbstractQueryLookupStrategy.resolveQuery(JpaQueryLookupStrategy.java:95)
	at org.springframework.data.repository.core.support.QueryExecutorMethodInterceptor.lookupQuery(QueryExecutorMethodInterceptor.java:111)
	... 61 common frames omitted
Caused by: java.lang.IllegalArgumentException: org.hibernate.query.sqm.UnknownEntityException: Could not resolve target entity 'employee'
	at org.hibernate.internal.ExceptionConverterImpl.convert(ExceptionConverterImpl.java:143)
	at org.hibernate.internal.ExceptionConverterImpl.convert(ExceptionConverterImpl.java:167)
	at org.hibernate.internal.ExceptionConverterImpl.convert(ExceptionConverterImpl.java:173)
	at org.hibernate.internal.AbstractSharedSessionContract.createQuery(AbstractSharedSessionContract.java:827)
	at org.hibernate.internal.AbstractSharedSessionContract.createQuery(AbstractSharedSessionContract.java:732)
	at org.hibernate.internal.AbstractSharedSessionContract.createQuery(AbstractSharedSessionContract.java:133)
	at java.base/jdk.internal.reflect.NativeMethodAccessorImpl.invoke0(Native Method)
	at java.base/jdk.internal.reflect.NativeMethodAccessorImpl.invoke(NativeMethodAccessorImpl.java:77)
	at java.base/jdk.internal.reflect.DelegatingMethodAccessorImpl.invoke(DelegatingMethodAccessorImpl.java:43)
	at java.base/java.lang.reflect.Method.invoke(Method.java:568)
	at org.springframework.orm.jpa.ExtendedEntityManagerCreator$ExtendedEntityManagerInvocationHandler.invoke(ExtendedEntityManagerCreator.java:364)
	at jdk.proxy4/jdk.proxy4.$Proxy114.createQuery(Unknown Source)
	at org.springframework.data.jpa.repository.query.SimpleJpaQuery.validateQuery(SimpleJpaQuery.java:94)
	... 67 common frames omitted
Caused by: org.hibernate.query.sqm.UnknownEntityException: Could not resolve target entity 'employee'
	at org.hibernate.query.hql.internal.SemanticQueryBuilder.visitEntityName(SemanticQueryBuilder.java:1865)
	at org.hibernate.query.hql.internal.SemanticQueryBuilder.visitTargetEntity(SemanticQueryBuilder.java:456)
	at org.hibernate.query.hql.internal.SemanticQueryBuilder.visitInsertStatement(SemanticQueryBuilder.java:467)
	at org.hibernate.query.hql.internal.SemanticQueryBuilder.visitStatement(SemanticQueryBuilder.java:407)
	at org.hibernate.query.hql.internal.SemanticQueryBuilder.buildSemanticModel(SemanticQueryBuilder.java:311)
	at org.hibernate.query.hql.internal.StandardHqlTranslator.translate(StandardHqlTranslator.java:71)
	at org.hibernate.query.internal.QueryInterpretationCacheStandardImpl.createHqlInterpretation(QueryInterpretationCacheStandardImpl.java:165)
	at org.hibernate.query.internal.QueryInterpretationCacheStandardImpl.resolveHqlInterpretation(QueryInterpretationCacheStandardImpl.java:147)
	at org.hibernate.internal.AbstractSharedSessionContract.interpretHql(AbstractSharedSessionContract.java:769)
	at org.hibernate.internal.AbstractSharedSessionContract.createQuery(AbstractSharedSessionContract.java:819)
	... 76 common frames omitted
16:17:48.393 INFO  [background-preinit][Version.<clinit>\(Version.java:21\16:17:48.463 INFO  [restartedMain][StaffSeatsBackendApplication.logStarting\(StartupInfoLogger.java:50\16:17:48.464 INFO  [restartedMain][StaffSeatsBackendApplication.logStartupProfileInfo\(SpringApplication.java:654\16:17:48.533 INFO  [restartedMain][DevToolsPropertyDefaultsPostProcessor.logTo\(DeferredLog.java:252\16:17:48.534 INFO  [restartedMain][DevToolsPropertyDefaultsPostProcessor.logTo\(DeferredLog.java:252\16:17:49.363 INFO  [restartedMain][RepositoryConfigurationDelegate.registerRepositoriesIn\(RepositoryConfigurationDelegate.java:139\16:17:49.433 INFO  [restartedMain][RepositoryConfigurationDelegate.registerRepositoriesIn\(RepositoryConfigurationDelegate.java:208\16:17:50.225 INFO  [restartedMain][TomcatWebServer.initialize\(TomcatWebServer.java:109\16:17:50.238 INFO  [restartedMain][Http11NioProtocol.log\(DirectJDKLog.java:173\16:17:50.240 INFO  [restartedMain][StandardService.log\(DirectJDKLog.java:173\16:17:50.240 INFO  [restartedMain][StandardEngine.log\(DirectJDKLog.java:173\16:17:50.297 INFO  [restartedMain][[/].log\(DirectJDKLog.java:173\16:17:50.298 INFO  [restartedMain][ServletWebServerApplicationContext.prepareWebApplicationContext\(ServletWebServerApplicationContext.java:296\16:17:50.370 INFO  [restartedMain][HikariDataSource.getConnection\(HikariDataSource.java:110\16:17:50.603 INFO  [restartedMain][HikariPool.checkFailFast\(HikariPool.java:565\16:17:50.607 INFO  [restartedMain][HikariDataSource.getConnection\(HikariDataSource.java:123\16:17:50.618 INFO  [restartedMain][H2ConsoleAutoConfiguration.logDataSources\(H2ConsoleAutoConfiguration.java:88\16:17:50.851 INFO  [restartedMain][LogHelper.logPersistenceUnitInformation\(LogHelper.java:31\16:17:50.961 INFO  [restartedMain][Version.logVersion\(Version.java:44\16:17:50.997 INFO  [restartedMain][RegionFactoryInitiator.initiateService\(RegionFactoryInitiator.java:50\16:17:51.220 INFO  [restartedMain][SpringPersistenceUnitInfo.addTransformer\(SpringPersistenceUnitInfo.java:87\16:17:52.062 INFO  [restartedMain][JtaPlatformInitiator.initiateService\(JtaPlatformInitiator.java:58\16:17:52.067 INFO  [restartedMain][LocalContainerEntityManagerFactoryBean.buildNativeEntityManagerFactory\(AbstractEntityManagerFactoryBean.java:437\16:17:52.367 INFO  [restartedMain][QueryEnhancerFactory.<clinit>\(QueryEnhancerFactory.java:49\16:17:52.723 WARN  [restartedMain][AnnotationConfigServletWebServerApplicationContext.refresh\(AbstractApplicationContext.java:632\16:17:52.724 INFO  [restartedMain][LocalContainerEntityManagerFactoryBean.destroy\(AbstractEntityManagerFactoryBean.java:650\16:17:52.731 INFO  [restartedMain][HikariDataSource.close\(HikariDataSource.java:350\16:17:52.738 INFO  [restartedMain][HikariDataSource.close\(HikariDataSource.java:352\16:17:52.743 INFO  [restartedMain][StandardService.log\(DirectJDKLog.java:173\16:17:52.755 INFO  [restartedMain][ConditionEvaluationReportLogger.logMessage\(ConditionEvaluationReportLogger.java:82\16:17:52.775 ERROR [restartedMain][SpringApplication.reportFailure\(SpringApplication.java:851\org.springframework.beans.factory.UnsatisfiedDependencyException: Error creating bean with name 'employeeController': Unsatisfied dependency expressed through field 'service': Error creating bean with name 'employeeServiceImpl': Unsatisfied dependency expressed through field 'employeeDao': Error creating bean with name 'employeeDao' defined in com.example.staffSeatsBackend.repository.EmployeeDao defined in @EnableJpaRepositories declared on JpaRepositoriesRegistrar.EnableJpaRepositoriesConfiguration: Could not create query for public abstract int com.example.staffSeatsBackend.repository.EmployeeDao.insert(java.lang.String,java.lang.String,java.lang.String); Reason: Validation failed for query for method public abstract int com.example.staffSeatsBackend.repository.EmployeeDao.insert(java.lang.String,java.lang.String,java.lang.String)
	at org.springframework.beans.factory.annotation.AutowiredAnnotationBeanPostProcessor$AutowiredFieldElement.resolveFieldValue(AutowiredAnnotationBeanPostProcessor.java:787)
	at org.springframework.beans.factory.annotation.AutowiredAnnotationBeanPostProcessor$AutowiredFieldElement.inject(AutowiredAnnotationBeanPostProcessor.java:767)
	at org.springframework.beans.factory.annotation.InjectionMetadata.inject(InjectionMetadata.java:145)
	at org.springframework.beans.factory.annotation.AutowiredAnnotationBeanPostProcessor.postProcessProperties(AutowiredAnnotationBeanPostProcessor.java:508)
	at org.springframework.beans.factory.support.AbstractAutowireCapableBeanFactory.populateBean(AbstractAutowireCapableBeanFactory.java:1418)
	at org.springframework.beans.factory.support.AbstractAutowireCapableBeanFactory.doCreateBean(AbstractAutowireCapableBeanFactory.java:598)
	at org.springframework.beans.factory.support.AbstractAutowireCapableBeanFactory.createBean(AbstractAutowireCapableBeanFactory.java:521)
	at org.springframework.beans.factory.support.AbstractBeanFactory.lambda$doGetBean$0(AbstractBeanFactory.java:325)
	at org.springframework.beans.factory.support.DefaultSingletonBeanRegistry.getSingleton(DefaultSingletonBeanRegistry.java:234)
	at org.springframework.beans.factory.support.AbstractBeanFactory.doGetBean(AbstractBeanFactory.java:323)
	at org.springframework.beans.factory.support.AbstractBeanFactory.getBean(AbstractBeanFactory.java:199)
	at org.springframework.beans.factory.support.DefaultListableBeanFactory.preInstantiateSingletons(DefaultListableBeanFactory.java:975)
	at org.springframework.context.support.AbstractApplicationContext.finishBeanFactoryInitialization(AbstractApplicationContext.java:959)
	at org.springframework.context.support.AbstractApplicationContext.refresh(AbstractApplicationContext.java:624)
	at org.springframework.boot.web.servlet.context.ServletWebServerApplicationContext.refresh(ServletWebServerApplicationContext.java:146)
	at org.springframework.boot.SpringApplication.refresh(SpringApplication.java:754)
	at org.springframework.boot.SpringApplication.refreshContext(SpringApplication.java:456)
	at org.springframework.boot.SpringApplication.run(SpringApplication.java:334)
	at org.springframework.boot.SpringApplication.run(SpringApplication.java:1354)
	at org.springframework.boot.SpringApplication.run(SpringApplication.java:1343)
	at com.example.staffSeatsBackend.StaffSeatsBackendApplication.main(StaffSeatsBackendApplication.java:10)
	at java.base/jdk.internal.reflect.NativeMethodAccessorImpl.invoke0(Native Method)
	at java.base/jdk.internal.reflect.NativeMethodAccessorImpl.invoke(NativeMethodAccessorImpl.java:77)
	at java.base/jdk.internal.reflect.DelegatingMethodAccessorImpl.invoke(DelegatingMethodAccessorImpl.java:43)
	at java.base/java.lang.reflect.Method.invoke(Method.java:568)
	at org.springframework.boot.devtools.restart.RestartLauncher.run(RestartLauncher.java:50)
Caused by: org.springframework.beans.factory.UnsatisfiedDependencyException: Error creating bean with name 'employeeServiceImpl': Unsatisfied dependency expressed through field 'employeeDao': Error creating bean with name 'employeeDao' defined in com.example.staffSeatsBackend.repository.EmployeeDao defined in @EnableJpaRepositories declared on JpaRepositoriesRegistrar.EnableJpaRepositoriesConfiguration: Could not create query for public abstract int com.example.staffSeatsBackend.repository.EmployeeDao.insert(java.lang.String,java.lang.String,java.lang.String); Reason: Validation failed for query for method public abstract int com.example.staffSeatsBackend.repository.EmployeeDao.insert(java.lang.String,java.lang.String,java.lang.String)
	at org.springframework.beans.factory.annotation.AutowiredAnnotationBeanPostProcessor$AutowiredFieldElement.resolveFieldValue(AutowiredAnnotationBeanPostProcessor.java:787)
	at org.springframework.beans.factory.annotation.AutowiredAnnotationBeanPostProcessor$AutowiredFieldElement.inject(AutowiredAnnotationBeanPostProcessor.java:767)
	at org.springframework.beans.factory.annotation.InjectionMetadata.inject(InjectionMetadata.java:145)
	at org.springframework.beans.factory.annotation.AutowiredAnnotationBeanPostProcessor.postProcessProperties(AutowiredAnnotationBeanPostProcessor.java:508)
	at org.springframework.beans.factory.support.AbstractAutowireCapableBeanFactory.populateBean(AbstractAutowireCapableBeanFactory.java:1418)
	at org.springframework.beans.factory.support.AbstractAutowireCapableBeanFactory.doCreateBean(AbstractAutowireCapableBeanFactory.java:598)
	at org.springframework.beans.factory.support.AbstractAutowireCapableBeanFactory.createBean(AbstractAutowireCapableBeanFactory.java:521)
	at org.springframework.beans.factory.support.AbstractBeanFactory.lambda$doGetBean$0(AbstractBeanFactory.java:325)
	at org.springframework.beans.factory.support.DefaultSingletonBeanRegistry.getSingleton(DefaultSingletonBeanRegistry.java:234)
	at org.springframework.beans.factory.support.AbstractBeanFactory.doGetBean(AbstractBeanFactory.java:323)
	at org.springframework.beans.factory.support.AbstractBeanFactory.getBean(AbstractBeanFactory.java:199)
	at org.springframework.beans.factory.config.DependencyDescriptor.resolveCandidate(DependencyDescriptor.java:254)
	at org.springframework.beans.factory.support.DefaultListableBeanFactory.doResolveDependency(DefaultListableBeanFactory.java:1443)
	at org.springframework.beans.factory.support.DefaultListableBeanFactory.resolveDependency(DefaultListableBeanFactory.java:1353)
	at org.springframework.beans.factory.annotation.AutowiredAnnotationBeanPostProcessor$AutowiredFieldElement.resolveFieldValue(AutowiredAnnotationBeanPostProcessor.java:784)
	... 25 common frames omitted
Caused by: org.springframework.beans.factory.BeanCreationException: Error creating bean with name 'employeeDao' defined in com.example.staffSeatsBackend.repository.EmployeeDao defined in @EnableJpaRepositories declared on JpaRepositoriesRegistrar.EnableJpaRepositoriesConfiguration: Could not create query for public abstract int com.example.staffSeatsBackend.repository.EmployeeDao.insert(java.lang.String,java.lang.String,java.lang.String); Reason: Validation failed for query for method public abstract int com.example.staffSeatsBackend.repository.EmployeeDao.insert(java.lang.String,java.lang.String,java.lang.String)
	at org.springframework.beans.factory.support.AbstractAutowireCapableBeanFactory.initializeBean(AbstractAutowireCapableBeanFactory.java:1773)
	at org.springframework.beans.factory.support.AbstractAutowireCapableBeanFactory.doCreateBean(AbstractAutowireCapableBeanFactory.java:599)
	at org.springframework.beans.factory.support.AbstractAutowireCapableBeanFactory.createBean(AbstractAutowireCapableBeanFactory.java:521)
	at org.springframework.beans.factory.support.AbstractBeanFactory.lambda$doGetBean$0(AbstractBeanFactory.java:325)
	at org.springframework.beans.factory.support.DefaultSingletonBeanRegistry.getSingleton(DefaultSingletonBeanRegistry.java:234)
	at org.springframework.beans.factory.support.AbstractBeanFactory.doGetBean(AbstractBeanFactory.java:323)
	at org.springframework.beans.factory.support.AbstractBeanFactory.getBean(AbstractBeanFactory.java:199)
	at org.springframework.beans.factory.config.DependencyDescriptor.resolveCandidate(DependencyDescriptor.java:254)
	at org.springframework.beans.factory.support.DefaultListableBeanFactory.doResolveDependency(DefaultListableBeanFactory.java:1443)
	at org.springframework.beans.factory.support.DefaultListableBeanFactory.resolveDependency(DefaultListableBeanFactory.java:1353)
	at org.springframework.beans.factory.annotation.AutowiredAnnotationBeanPostProcessor$AutowiredFieldElement.resolveFieldValue(AutowiredAnnotationBeanPostProcessor.java:784)
	... 39 common frames omitted
Caused by: org.springframework.data.repository.query.QueryCreationException: Could not create query for public abstract int com.example.staffSeatsBackend.repository.EmployeeDao.insert(java.lang.String,java.lang.String,java.lang.String); Reason: Validation failed for query for method public abstract int com.example.staffSeatsBackend.repository.EmployeeDao.insert(java.lang.String,java.lang.String,java.lang.String)
	at org.springframework.data.repository.query.QueryCreationException.create(QueryCreationException.java:101)
	at org.springframework.data.repository.core.support.QueryExecutorMethodInterceptor.lookupQuery(QueryExecutorMethodInterceptor.java:115)
	at org.springframework.data.repository.core.support.QueryExecutorMethodInterceptor.mapMethodsToQuery(QueryExecutorMethodInterceptor.java:99)
	at org.springframework.data.repository.core.support.QueryExecutorMethodInterceptor.lambda$new$0(QueryExecutorMethodInterceptor.java:88)
	at java.base/java.util.Optional.map(Optional.java:260)
	at org.springframework.data.repository.core.support.QueryExecutorMethodInterceptor.<init>(QueryExecutorMethodInterceptor.java:88)
	at org.springframework.data.repository.core.support.RepositoryFactorySupport.getRepository(RepositoryFactorySupport.java:357)
	at org.springframework.data.repository.core.support.RepositoryFactoryBeanSupport.lambda$afterPropertiesSet$5(RepositoryFactoryBeanSupport.java:279)
	at org.springframework.data.util.Lazy.getNullable(Lazy.java:135)
	at org.springframework.data.util.Lazy.get(Lazy.java:113)
	at org.springframework.data.repository.core.support.RepositoryFactoryBeanSupport.afterPropertiesSet(RepositoryFactoryBeanSupport.java:285)
	at org.springframework.data.jpa.repository.support.JpaRepositoryFactoryBean.afterPropertiesSet(JpaRepositoryFactoryBean.java:132)
	at org.springframework.beans.factory.support.AbstractAutowireCapableBeanFactory.invokeInitMethods(AbstractAutowireCapableBeanFactory.java:1820)
	at org.springframework.beans.factory.support.AbstractAutowireCapableBeanFactory.initializeBean(AbstractAutowireCapableBeanFactory.java:1769)
	... 49 common frames omitted
Caused by: java.lang.IllegalArgumentException: Validation failed for query for method public abstract int com.example.staffSeatsBackend.repository.EmployeeDao.insert(java.lang.String,java.lang.String,java.lang.String)
	at org.springframework.data.jpa.repository.query.SimpleJpaQuery.validateQuery(SimpleJpaQuery.java:100)
	at org.springframework.data.jpa.repository.query.SimpleJpaQuery.<init>(SimpleJpaQuery.java:70)
	at org.springframework.data.jpa.repository.query.JpaQueryFactory.fromMethodWithQueryString(JpaQueryFactory.java:60)
	at org.springframework.data.jpa.repository.query.JpaQueryLookupStrategy$DeclaredQueryLookupStrategy.resolveQuery(JpaQueryLookupStrategy.java:170)
	at org.springframework.data.jpa.repository.query.JpaQueryLookupStrategy$CreateIfNotFoundQueryLookupStrategy.resolveQuery(JpaQueryLookupStrategy.java:252)
	at org.springframework.data.jpa.repository.query.JpaQueryLookupStrategy$AbstractQueryLookupStrategy.resolveQuery(JpaQueryLookupStrategy.java:95)
	at org.springframework.data.repository.core.support.QueryExecutorMethodInterceptor.lookupQuery(QueryExecutorMethodInterceptor.java:111)
	... 61 common frames omitted
Caused by: java.lang.IllegalArgumentException: org.hibernate.query.sqm.UnknownEntityException: Could not resolve target entity 'employee'
	at org.hibernate.internal.ExceptionConverterImpl.convert(ExceptionConverterImpl.java:143)
	at org.hibernate.internal.ExceptionConverterImpl.convert(ExceptionConverterImpl.java:167)
	at org.hibernate.internal.ExceptionConverterImpl.convert(ExceptionConverterImpl.java:173)
	at org.hibernate.internal.AbstractSharedSessionContract.createQuery(AbstractSharedSessionContract.java:827)
	at org.hibernate.internal.AbstractSharedSessionContract.createQuery(AbstractSharedSessionContract.java:732)
	at org.hibernate.internal.AbstractSharedSessionContract.createQuery(AbstractSharedSessionContract.java:133)
	at java.base/jdk.internal.reflect.NativeMethodAccessorImpl.invoke0(Native Method)
	at java.base/jdk.internal.reflect.NativeMethodAccessorImpl.invoke(NativeMethodAccessorImpl.java:77)
	at java.base/jdk.internal.reflect.DelegatingMethodAccessorImpl.invoke(DelegatingMethodAccessorImpl.java:43)
	at java.base/java.lang.reflect.Method.invoke(Method.java:568)
	at org.springframework.orm.jpa.ExtendedEntityManagerCreator$ExtendedEntityManagerInvocationHandler.invoke(ExtendedEntityManagerCreator.java:364)
	at jdk.proxy4/jdk.proxy4.$Proxy114.createQuery(Unknown Source)
	at org.springframework.data.jpa.repository.query.SimpleJpaQuery.validateQuery(SimpleJpaQuery.java:94)
	... 67 common frames omitted
Caused by: org.hibernate.query.sqm.UnknownEntityException: Could not resolve target entity 'employee'
	at org.hibernate.query.hql.internal.SemanticQueryBuilder.visitEntityName(SemanticQueryBuilder.java:1865)
	at org.hibernate.query.hql.internal.SemanticQueryBuilder.visitTargetEntity(SemanticQueryBuilder.java:456)
	at org.hibernate.query.hql.internal.SemanticQueryBuilder.visitInsertStatement(SemanticQueryBuilder.java:467)
	at org.hibernate.query.hql.internal.SemanticQueryBuilder.visitStatement(SemanticQueryBuilder.java:407)
	at org.hibernate.query.hql.internal.SemanticQueryBuilder.buildSemanticModel(SemanticQueryBuilder.java:311)
	at org.hibernate.query.hql.internal.StandardHqlTranslator.translate(StandardHqlTranslator.java:71)
	at org.hibernate.query.internal.QueryInterpretationCacheStandardImpl.createHqlInterpretation(QueryInterpretationCacheStandardImpl.java:165)
	at org.hibernate.query.internal.QueryInterpretationCacheStandardImpl.resolveHqlInterpretation(QueryInterpretationCacheStandardImpl.java:147)
	at org.hibernate.internal.AbstractSharedSessionContract.interpretHql(AbstractSharedSessionContract.java:769)
	at org.hibernate.internal.AbstractSharedSessionContract.createQuery(AbstractSharedSessionContract.java:819)
	... 76 common frames omitted
16:19:29.694 INFO  [background-preinit][Version.<clinit>\(Version.java:21\16:19:29.752 INFO  [restartedMain][StaffSeatsBackendApplication.logStarting\(StartupInfoLogger.java:50\16:19:29.753 INFO  [restartedMain][StaffSeatsBackendApplication.logStartupProfileInfo\(SpringApplication.java:654\16:19:29.809 INFO  [restartedMain][DevToolsPropertyDefaultsPostProcessor.logTo\(DeferredLog.java:252\16:19:29.809 INFO  [restartedMain][DevToolsPropertyDefaultsPostProcessor.logTo\(DeferredLog.java:252\16:19:30.672 INFO  [restartedMain][RepositoryConfigurationDelegate.registerRepositoriesIn\(RepositoryConfigurationDelegate.java:139\16:19:30.742 INFO  [restartedMain][RepositoryConfigurationDelegate.registerRepositoriesIn\(RepositoryConfigurationDelegate.java:208\16:19:31.583 INFO  [restartedMain][TomcatWebServer.initialize\(TomcatWebServer.java:109\16:19:31.602 INFO  [restartedMain][Http11NioProtocol.log\(DirectJDKLog.java:173\16:19:31.605 INFO  [restartedMain][StandardService.log\(DirectJDKLog.java:173\16:19:31.605 INFO  [restartedMain][StandardEngine.log\(DirectJDKLog.java:173\16:19:31.680 INFO  [restartedMain][[/].log\(DirectJDKLog.java:173\16:19:31.682 INFO  [restartedMain][ServletWebServerApplicationContext.prepareWebApplicationContext\(ServletWebServerApplicationContext.java:296\16:19:31.745 INFO  [restartedMain][HikariDataSource.getConnection\(HikariDataSource.java:110\16:19:31.976 INFO  [restartedMain][HikariPool.checkFailFast\(HikariPool.java:565\16:19:31.979 INFO  [restartedMain][HikariDataSource.getConnection\(HikariDataSource.java:123\16:19:31.991 INFO  [restartedMain][H2ConsoleAutoConfiguration.logDataSources\(H2ConsoleAutoConfiguration.java:88\16:19:32.357 INFO  [restartedMain][LogHelper.logPersistenceUnitInformation\(LogHelper.java:31\16:19:32.507 INFO  [restartedMain][Version.logVersion\(Version.java:44\16:19:32.540 INFO  [restartedMain][RegionFactoryInitiator.initiateService\(RegionFactoryInitiator.java:50\16:19:32.788 INFO  [restartedMain][SpringPersistenceUnitInfo.addTransformer\(SpringPersistenceUnitInfo.java:87\16:19:33.658 INFO  [restartedMain][JtaPlatformInitiator.initiateService\(JtaPlatformInitiator.java:58\16:19:33.661 INFO  [restartedMain][LocalContainerEntityManagerFactoryBean.buildNativeEntityManagerFactory\(AbstractEntityManagerFactoryBean.java:437\16:19:33.983 INFO  [restartedMain][QueryEnhancerFactory.<clinit>\(QueryEnhancerFactory.java:49\16:19:34.143 WARN  [restartedMain][JpaBaseConfiguration$JpaWebConfiguration.openEntityManagerInViewInterceptor\(JpaBaseConfiguration.java:232\16:19:34.989 INFO  [restartedMain][OptionalLiveReloadServer.startServer\(OptionalLiveReloadServer.java:59\16:19:35.019 INFO  [restartedMain][Http11NioProtocol.log\(DirectJDKLog.java:173\16:19:35.065 INFO  [restartedMain][TomcatWebServer.start\(TomcatWebServer.java:241\16:19:35.078 INFO  [restartedMain][StaffSeatsBackendApplication.logStarted\(StartupInfoLogger.java:56\16:21:49.812 INFO  [http-nio-8080-exec-2][[/].log\(DirectJDKLog.java:173\16:21:49.813 INFO  [http-nio-8080-exec-2][DispatcherServlet.initServletBean\(FrameworkServlet.java:532\16:21:49.816 INFO  [http-nio-8080-exec-2][DispatcherServlet.initServletBean\(FrameworkServlet.java:554\16:22:41.718 WARN  [http-nio-8080-exec-5][SqlExceptionHelper.logExceptions\(SqlExceptionHelper.java:145\16:22:41.719 ERROR [http-nio-8080-exec-5][SqlExceptionHelper.logExceptions\(SqlExceptionHelper.java:150\16:22:41.731 ERROR [http-nio-8080-exec-5][EmployeeServiceImpl.create\(EmployeeServiceImpl.java:45\16:22:46.909 WARN  [http-nio-8080-exec-6][SqlExceptionHelper.logExceptions\(SqlExceptionHelper.java:145\16:22:46.909 ERROR [http-nio-8080-exec-6][SqlExceptionHelper.logExceptions\(SqlExceptionHelper.java:150\16:22:46.918 ERROR [http-nio-8080-exec-6][EmployeeServiceImpl.create\(EmployeeServiceImpl.java:45\16:24:36.753 INFO  [File Watcher][LocalDevToolsAutoConfiguration$RestartingClassPathChangeChangedEventListener.onApplicationEvent\(LocalDevToolsAutoConfiguration.java:211\16:24:36.763 INFO  [Thread-5][Http11NioProtocol.log\(DirectJDKLog.java:173\16:24:36.778 INFO  [Thread-5][LocalContainerEntityManagerFactoryBean.destroy\(AbstractEntityManagerFactoryBean.java:650\16:24:36.783 INFO  [Thread-5][HikariDataSource.close\(HikariDataSource.java:350\16:24:36.792 INFO  [Thread-5][HikariDataSource.close\(HikariDataSource.java:352\16:24:36.879 INFO  [restartedMain][StaffSeatsBackendApplication.logStarting\(StartupInfoLogger.java:50\16:24:36.880 INFO  [restartedMain][StaffSeatsBackendApplication.logStartupProfileInfo\(SpringApplication.java:654\16:24:37.065 INFO  [restartedMain][RepositoryConfigurationDelegate.registerRepositoriesIn\(RepositoryConfigurationDelegate.java:139\16:24:37.076 INFO  [restartedMain][RepositoryConfigurationDelegate.registerRepositoriesIn\(RepositoryConfigurationDelegate.java:208\16:24:37.230 INFO  [restartedMain][TomcatWebServer.initialize\(TomcatWebServer.java:109\16:24:37.231 INFO  [restartedMain][Http11NioProtocol.log\(DirectJDKLog.java:173\16:24:37.232 INFO  [restartedMain][StandardService.log\(DirectJDKLog.java:173\16:24:37.232 INFO  [restartedMain][StandardEngine.log\(DirectJDKLog.java:173\16:24:37.258 INFO  [restartedMain][[/].log\(DirectJDKLog.java:173\16:24:37.258 INFO  [restartedMain][ServletWebServerApplicationContext.prepareWebApplicationContext\(ServletWebServerApplicationContext.java:296\16:24:37.279 INFO  [restartedMain][HikariDataSource.getConnection\(HikariDataSource.java:110\16:24:37.290 INFO  [restartedMain][HikariPool.checkFailFast\(HikariPool.java:565\16:24:37.291 INFO  [restartedMain][HikariDataSource.getConnection\(HikariDataSource.java:123\16:24:37.291 INFO  [restartedMain][H2ConsoleAutoConfiguration.logDataSources\(H2ConsoleAutoConfiguration.java:88\16:24:37.326 INFO  [restartedMain][LogHelper.logPersistenceUnitInformation\(LogHelper.java:31\16:24:37.340 INFO  [restartedMain][RegionFactoryInitiator.initiateService\(RegionFactoryInitiator.java:50\16:24:37.349 INFO  [restartedMain][SpringPersistenceUnitInfo.addTransformer\(SpringPersistenceUnitInfo.java:87\16:24:37.445 INFO  [restartedMain][JtaPlatformInitiator.initiateService\(JtaPlatformInitiator.java:58\16:24:37.446 INFO  [restartedMain][LocalContainerEntityManagerFactoryBean.buildNativeEntityManagerFactory\(AbstractEntityManagerFactoryBean.java:437\16:24:37.566 WARN  [restartedMain][JpaBaseConfiguration$JpaWebConfiguration.openEntityManagerInViewInterceptor\(JpaBaseConfiguration.java:232\16:24:37.675 INFO  [restartedMain][OptionalLiveReloadServer.startServer\(OptionalLiveReloadServer.java:59\16:24:37.679 INFO  [restartedMain][Http11NioProtocol.log\(DirectJDKLog.java:173\16:24:37.684 INFO  [restartedMain][TomcatWebServer.start\(TomcatWebServer.java:241\16:24:37.689 INFO  [restartedMain][StaffSeatsBackendApplication.logStarted\(StartupInfoLogger.java:56\16:24:37.693 INFO  [restartedMain][ConditionEvaluationDeltaLoggingListener.onApplicationEvent\(ConditionEvaluationDeltaLoggingListener.java:63\16:24:53.512 INFO  [File Watcher][LocalDevToolsAutoConfiguration$RestartingClassPathChangeChangedEventListener.onApplicationEvent\(LocalDevToolsAutoConfiguration.java:211\16:24:53.517 INFO  [Thread-7][Http11NioProtocol.log\(DirectJDKLog.java:173\16:24:53.528 INFO  [Thread-7][LocalContainerEntityManagerFactoryBean.destroy\(AbstractEntityManagerFactoryBean.java:650\16:24:53.529 INFO  [Thread-7][HikariDataSource.close\(HikariDataSource.java:350\16:24:53.533 INFO  [Thread-7][HikariDataSource.close\(HikariDataSource.java:352\16:24:53.612 INFO  [restartedMain][StaffSeatsBackendApplication.logStarting\(StartupInfoLogger.java:50\16:24:53.612 INFO  [restartedMain][StaffSeatsBackendApplication.logStartupProfileInfo\(SpringApplication.java:654\16:24:53.767 INFO  [restartedMain][RepositoryConfigurationDelegate.registerRepositoriesIn\(RepositoryConfigurationDelegate.java:139\16:24:53.778 INFO  [restartedMain][RepositoryConfigurationDelegate.registerRepositoriesIn\(RepositoryConfigurationDelegate.java:208\16:24:53.870 INFO  [restartedMain][TomcatWebServer.initialize\(TomcatWebServer.java:109\16:24:53.870 INFO  [restartedMain][Http11NioProtocol.log\(DirectJDKLog.java:173\16:24:53.871 INFO  [restartedMain][StandardService.log\(DirectJDKLog.java:173\16:24:53.871 INFO  [restartedMain][StandardEngine.log\(DirectJDKLog.java:173\16:24:53.894 INFO  [restartedMain][[/].log\(DirectJDKLog.java:173\16:24:53.895 INFO  [restartedMain][ServletWebServerApplicationContext.prepareWebApplicationContext\(ServletWebServerApplicationContext.java:296\16:24:53.906 INFO  [restartedMain][HikariDataSource.getConnection\(HikariDataSource.java:110\16:24:53.911 INFO  [restartedMain][HikariPool.checkFailFast\(HikariPool.java:565\16:24:53.911 INFO  [restartedMain][HikariDataSource.getConnection\(HikariDataSource.java:123\16:24:53.912 INFO  [restartedMain][H2ConsoleAutoConfiguration.logDataSources\(H2ConsoleAutoConfiguration.java:88\16:24:53.967 INFO  [restartedMain][LogHelper.logPersistenceUnitInformation\(LogHelper.java:31\16:24:53.989 INFO  [restartedMain][RegionFactoryInitiator.initiateService\(RegionFactoryInitiator.java:50\16:24:53.997 INFO  [restartedMain][SpringPersistenceUnitInfo.addTransformer\(SpringPersistenceUnitInfo.java:87\16:24:54.075 INFO  [restartedMain][JtaPlatformInitiator.initiateService\(JtaPlatformInitiator.java:58\16:24:54.076 INFO  [restartedMain][LocalContainerEntityManagerFactoryBean.buildNativeEntityManagerFactory\(AbstractEntityManagerFactoryBean.java:437\16:24:54.197 WARN  [restartedMain][JpaBaseConfiguration$JpaWebConfiguration.openEntityManagerInViewInterceptor\(JpaBaseConfiguration.java:232\16:24:54.297 INFO  [restartedMain][OptionalLiveReloadServer.startServer\(OptionalLiveReloadServer.java:59\16:24:54.300 INFO  [restartedMain][Http11NioProtocol.log\(DirectJDKLog.java:173\16:24:54.307 INFO  [restartedMain][TomcatWebServer.start\(TomcatWebServer.java:241\16:24:54.311 INFO  [restartedMain][StaffSeatsBackendApplication.logStarted\(StartupInfoLogger.java:56\16:24:54.313 INFO  [restartedMain][ConditionEvaluationDeltaLoggingListener.onApplicationEvent\(ConditionEvaluationDeltaLoggingListener.java:63\16:24:55.721 INFO  [File Watcher][LocalDevToolsAutoConfiguration$RestartingClassPathChangeChangedEventListener.onApplicationEvent\(LocalDevToolsAutoConfiguration.java:211\16:24:55.724 INFO  [Thread-11][Http11NioProtocol.log\(DirectJDKLog.java:173\16:24:55.732 INFO  [Thread-11][LocalContainerEntityManagerFactoryBean.destroy\(AbstractEntityManagerFactoryBean.java:650\16:24:55.733 INFO  [Thread-11][HikariDataSource.close\(HikariDataSource.java:350\16:24:55.740 INFO  [Thread-11][HikariDataSource.close\(HikariDataSource.java:352\16:24:55.797 INFO  [restartedMain][StaffSeatsBackendApplication.logStarting\(StartupInfoLogger.java:50\16:24:55.797 INFO  [restartedMain][StaffSeatsBackendApplication.logStartupProfileInfo\(SpringApplication.java:654\16:24:55.893 INFO  [restartedMain][RepositoryConfigurationDelegate.registerRepositoriesIn\(RepositoryConfigurationDelegate.java:139\16:24:55.904 INFO  [restartedMain][RepositoryConfigurationDelegate.registerRepositoriesIn\(RepositoryConfigurationDelegate.java:208\16:24:55.966 INFO  [restartedMain][TomcatWebServer.initialize\(TomcatWebServer.java:109\16:24:55.967 INFO  [restartedMain][Http11NioProtocol.log\(DirectJDKLog.java:173\16:24:55.967 INFO  [restartedMain][StandardService.log\(DirectJDKLog.java:173\16:24:55.967 INFO  [restartedMain][StandardEngine.log\(DirectJDKLog.java:173\16:24:55.984 INFO  [restartedMain][[/].log\(DirectJDKLog.java:173\16:24:55.984 INFO  [restartedMain][ServletWebServerApplicationContext.prepareWebApplicationContext\(ServletWebServerApplicationContext.java:296\16:24:55.992 INFO  [restartedMain][HikariDataSource.getConnection\(HikariDataSource.java:110\16:24:55.996 INFO  [restartedMain][HikariPool.checkFailFast\(HikariPool.java:565\16:24:55.997 INFO  [restartedMain][HikariDataSource.getConnection\(HikariDataSource.java:123\16:24:55.997 INFO  [restartedMain][H2ConsoleAutoConfiguration.logDataSources\(H2ConsoleAutoConfiguration.java:88\16:24:56.017 INFO  [restartedMain][LogHelper.logPersistenceUnitInformation\(LogHelper.java:31\16:24:56.021 INFO  [restartedMain][RegionFactoryInitiator.initiateService\(RegionFactoryInitiator.java:50\16:24:56.026 INFO  [restartedMain][SpringPersistenceUnitInfo.addTransformer\(SpringPersistenceUnitInfo.java:87\16:24:56.064 INFO  [restartedMain][JtaPlatformInitiator.initiateService\(JtaPlatformInitiator.java:58\16:24:56.065 INFO  [restartedMain][LocalContainerEntityManagerFactoryBean.buildNativeEntityManagerFactory\(AbstractEntityManagerFactoryBean.java:437\16:24:56.127 WARN  [restartedMain][JpaBaseConfiguration$JpaWebConfiguration.openEntityManagerInViewInterceptor\(JpaBaseConfiguration.java:232\16:24:56.202 INFO  [restartedMain][OptionalLiveReloadServer.startServer\(OptionalLiveReloadServer.java:59\16:24:56.206 INFO  [restartedMain][Http11NioProtocol.log\(DirectJDKLog.java:173\16:24:56.212 INFO  [restartedMain][TomcatWebServer.start\(TomcatWebServer.java:241\16:24:56.214 INFO  [restartedMain][StaffSeatsBackendApplication.logStarted\(StartupInfoLogger.java:56\16:24:56.215 INFO  [restartedMain][ConditionEvaluationDeltaLoggingListener.onApplicationEvent\(ConditionEvaluationDeltaLoggingListener.java:63\16:25:09.872 INFO  [File Watcher][LocalDevToolsAutoConfiguration$RestartingClassPathChangeChangedEventListener.onApplicationEvent\(LocalDevToolsAutoConfiguration.java:211\16:25:09.874 INFO  [Thread-15][Http11NioProtocol.log\(DirectJDKLog.java:173\16:25:09.882 INFO  [Thread-15][LocalContainerEntityManagerFactoryBean.destroy\(AbstractEntityManagerFactoryBean.java:650\16:25:09.882 INFO  [Thread-15][HikariDataSource.close\(HikariDataSource.java:350\16:25:09.887 INFO  [Thread-15][HikariDataSource.close\(HikariDataSource.java:352\16:25:09.945 INFO  [restartedMain][StaffSeatsBackendApplication.logStarting\(StartupInfoLogger.java:50\16:25:09.945 INFO  [restartedMain][StaffSeatsBackendApplication.logStartupProfileInfo\(SpringApplication.java:654\16:25:10.037 INFO  [restartedMain][RepositoryConfigurationDelegate.registerRepositoriesIn\(RepositoryConfigurationDelegate.java:139\16:25:10.050 INFO  [restartedMain][RepositoryConfigurationDelegate.registerRepositoriesIn\(RepositoryConfigurationDelegate.java:208\16:25:10.104 INFO  [restartedMain][TomcatWebServer.initialize\(TomcatWebServer.java:109\16:25:10.105 INFO  [restartedMain][Http11NioProtocol.log\(DirectJDKLog.java:173\16:25:10.106 INFO  [restartedMain][StandardService.log\(DirectJDKLog.java:173\16:25:10.106 INFO  [restartedMain][StandardEngine.log\(DirectJDKLog.java:173\16:25:10.122 INFO  [restartedMain][[/].log\(DirectJDKLog.java:173\16:25:10.123 INFO  [restartedMain][ServletWebServerApplicationContext.prepareWebApplicationContext\(ServletWebServerApplicationContext.java:296\16:25:10.130 INFO  [restartedMain][HikariDataSource.getConnection\(HikariDataSource.java:110\16:25:10.135 INFO  [restartedMain][HikariPool.checkFailFast\(HikariPool.java:565\16:25:10.136 INFO  [restartedMain][HikariDataSource.getConnection\(HikariDataSource.java:123\16:25:10.136 INFO  [restartedMain][H2ConsoleAutoConfiguration.logDataSources\(H2ConsoleAutoConfiguration.java:88\16:25:10.150 INFO  [restartedMain][LogHelper.logPersistenceUnitInformation\(LogHelper.java:31\16:25:10.152 INFO  [restartedMain][RegionFactoryInitiator.initiateService\(RegionFactoryInitiator.java:50\16:25:10.155 INFO  [restartedMain][SpringPersistenceUnitInfo.addTransformer\(SpringPersistenceUnitInfo.java:87\16:25:10.185 INFO  [restartedMain][JtaPlatformInitiator.initiateService\(JtaPlatformInitiator.java:58\16:25:10.187 INFO  [restartedMain][LocalContainerEntityManagerFactoryBean.buildNativeEntityManagerFactory\(AbstractEntityManagerFactoryBean.java:437\16:25:10.248 WARN  [restartedMain][JpaBaseConfiguration$JpaWebConfiguration.openEntityManagerInViewInterceptor\(JpaBaseConfiguration.java:232\16:25:10.295 INFO  [restartedMain][OptionalLiveReloadServer.startServer\(OptionalLiveReloadServer.java:59\16:25:10.298 INFO  [restartedMain][Http11NioProtocol.log\(DirectJDKLog.java:173\16:25:10.302 INFO  [restartedMain][TomcatWebServer.start\(TomcatWebServer.java:241\16:25:10.305 INFO  [restartedMain][StaffSeatsBackendApplication.logStarted\(StartupInfoLogger.java:56\16:25:10.307 INFO  [restartedMain][ConditionEvaluationDeltaLoggingListener.onApplicationEvent\(ConditionEvaluationDeltaLoggingListener.java:63\16:25:26.088 INFO  [File Watcher][LocalDevToolsAutoConfiguration$RestartingClassPathChangeChangedEventListener.onApplicationEvent\(LocalDevToolsAutoConfiguration.java:211\16:25:26.091 INFO  [Thread-19][Http11NioProtocol.log\(DirectJDKLog.java:173\16:25:26.104 INFO  [Thread-19][LocalContainerEntityManagerFactoryBean.destroy\(AbstractEntityManagerFactoryBean.java:650\16:25:26.105 INFO  [Thread-19][HikariDataSource.close\(HikariDataSource.java:350\16:25:26.112 INFO  [Thread-19][HikariDataSource.close\(HikariDataSource.java:352\16:25:26.176 INFO  [restartedMain][StaffSeatsBackendApplication.logStarting\(StartupInfoLogger.java:50\16:25:26.176 INFO  [restartedMain][StaffSeatsBackendApplication.logStartupProfileInfo\(SpringApplication.java:654\16:25:26.275 INFO  [restartedMain][RepositoryConfigurationDelegate.registerRepositoriesIn\(RepositoryConfigurationDelegate.java:139\16:25:26.281 INFO  [restartedMain][RepositoryConfigurationDelegate.registerRepositoriesIn\(RepositoryConfigurationDelegate.java:208\16:25:26.337 INFO  [restartedMain][TomcatWebServer.initialize\(TomcatWebServer.java:109\16:25:26.337 INFO  [restartedMain][Http11NioProtocol.log\(DirectJDKLog.java:173\16:25:26.338 INFO  [restartedMain][StandardService.log\(DirectJDKLog.java:173\16:25:26.338 INFO  [restartedMain][StandardEngine.log\(DirectJDKLog.java:173\16:25:26.352 INFO  [restartedMain][[/].log\(DirectJDKLog.java:173\16:25:26.352 INFO  [restartedMain][ServletWebServerApplicationContext.prepareWebApplicationContext\(ServletWebServerApplicationContext.java:296\16:25:26.359 INFO  [restartedMain][HikariDataSource.getConnection\(HikariDataSource.java:110\16:25:26.362 INFO  [restartedMain][HikariPool.checkFailFast\(HikariPool.java:565\16:25:26.363 INFO  [restartedMain][HikariDataSource.getConnection\(HikariDataSource.java:123\16:25:26.363 INFO  [restartedMain][H2ConsoleAutoConfiguration.logDataSources\(H2ConsoleAutoConfiguration.java:88\16:25:26.375 INFO  [restartedMain][LogHelper.logPersistenceUnitInformation\(LogHelper.java:31\16:25:26.376 INFO  [restartedMain][RegionFactoryInitiator.initiateService\(RegionFactoryInitiator.java:50\16:25:26.379 INFO  [restartedMain][SpringPersistenceUnitInfo.addTransformer\(SpringPersistenceUnitInfo.java:87\16:25:26.405 INFO  [restartedMain][JtaPlatformInitiator.initiateService\(JtaPlatformInitiator.java:58\16:25:26.406 INFO  [restartedMain][LocalContainerEntityManagerFactoryBean.buildNativeEntityManagerFactory\(AbstractEntityManagerFactoryBean.java:437\16:25:26.451 WARN  [restartedMain][JpaBaseConfiguration$JpaWebConfiguration.openEntityManagerInViewInterceptor\(JpaBaseConfiguration.java:232\16:25:26.501 INFO  [restartedMain][OptionalLiveReloadServer.startServer\(OptionalLiveReloadServer.java:59\16:25:26.504 INFO  [restartedMain][Http11NioProtocol.log\(DirectJDKLog.java:173\16:25:26.506 INFO  [restartedMain][TomcatWebServer.start\(TomcatWebServer.java:241\16:25:26.510 INFO  [restartedMain][StaffSeatsBackendApplication.logStarted\(StartupInfoLogger.java:56\16:25:26.511 INFO  [restartedMain][ConditionEvaluationDeltaLoggingListener.onApplicationEvent\(ConditionEvaluationDeltaLoggingListener.java:63\16:26:36.446 INFO  [File Watcher][LocalDevToolsAutoConfiguration$RestartingClassPathChangeChangedEventListener.onApplicationEvent\(LocalDevToolsAutoConfiguration.java:211\16:26:36.450 INFO  [Thread-23][Http11NioProtocol.log\(DirectJDKLog.java:173\16:26:36.461 INFO  [Thread-23][LocalContainerEntityManagerFactoryBean.destroy\(AbstractEntityManagerFactoryBean.java:650\16:26:36.462 INFO  [Thread-23][HikariDataSource.close\(HikariDataSource.java:350\16:26:36.472 INFO  [Thread-23][HikariDataSource.close\(HikariDataSource.java:352\16:26:36.548 INFO  [restartedMain][StaffSeatsBackendApplication.logStarting\(StartupInfoLogger.java:50\16:26:36.548 INFO  [restartedMain][StaffSeatsBackendApplication.logStartupProfileInfo\(SpringApplication.java:654\16:26:36.654 INFO  [restartedMain][RepositoryConfigurationDelegate.registerRepositoriesIn\(RepositoryConfigurationDelegate.java:139\16:26:36.661 INFO  [restartedMain][RepositoryConfigurationDelegate.registerRepositoriesIn\(RepositoryConfigurationDelegate.java:208\16:26:36.723 INFO  [restartedMain][TomcatWebServer.initialize\(TomcatWebServer.java:109\16:26:36.724 INFO  [restartedMain][Http11NioProtocol.log\(DirectJDKLog.java:173\16:26:36.724 INFO  [restartedMain][StandardService.log\(DirectJDKLog.java:173\16:26:36.724 INFO  [restartedMain][StandardEngine.log\(DirectJDKLog.java:173\16:26:36.740 INFO  [restartedMain][[/].log\(DirectJDKLog.java:173\16:26:36.740 INFO  [restartedMain][ServletWebServerApplicationContext.prepareWebApplicationContext\(ServletWebServerApplicationContext.java:296\16:26:36.747 INFO  [restartedMain][HikariDataSource.getConnection\(HikariDataSource.java:110\16:26:36.752 INFO  [restartedMain][HikariPool.checkFailFast\(HikariPool.java:565\16:26:36.752 INFO  [restartedMain][HikariDataSource.getConnection\(HikariDataSource.java:123\16:26:36.752 INFO  [restartedMain][H2ConsoleAutoConfiguration.logDataSources\(H2ConsoleAutoConfiguration.java:88\16:26:36.766 INFO  [restartedMain][LogHelper.logPersistenceUnitInformation\(LogHelper.java:31\16:26:36.768 INFO  [restartedMain][RegionFactoryInitiator.initiateService\(RegionFactoryInitiator.java:50\16:26:36.770 INFO  [restartedMain][SpringPersistenceUnitInfo.addTransformer\(SpringPersistenceUnitInfo.java:87\16:26:36.797 INFO  [restartedMain][JtaPlatformInitiator.initiateService\(JtaPlatformInitiator.java:58\16:26:36.797 INFO  [restartedMain][LocalContainerEntityManagerFactoryBean.buildNativeEntityManagerFactory\(AbstractEntityManagerFactoryBean.java:437\16:26:36.857 WARN  [restartedMain][JpaBaseConfiguration$JpaWebConfiguration.openEntityManagerInViewInterceptor\(JpaBaseConfiguration.java:232\16:26:36.911 INFO  [restartedMain][OptionalLiveReloadServer.startServer\(OptionalLiveReloadServer.java:59\16:26:36.913 INFO  [restartedMain][Http11NioProtocol.log\(DirectJDKLog.java:173\16:26:36.916 INFO  [restartedMain][TomcatWebServer.start\(TomcatWebServer.java:241\16:26:36.918 INFO  [restartedMain][StaffSeatsBackendApplication.logStarted\(StartupInfoLogger.java:56\16:26:36.919 INFO  [restartedMain][ConditionEvaluationDeltaLoggingListener.onApplicationEvent\(ConditionEvaluationDeltaLoggingListener.java:63\16:28:32.718 INFO  [File Watcher][LocalDevToolsAutoConfiguration$RestartingClassPathChangeChangedEventListener.onApplicationEvent\(LocalDevToolsAutoConfiguration.java:211\16:28:32.723 INFO  [Thread-27][Http11NioProtocol.log\(DirectJDKLog.java:173\16:28:32.739 INFO  [Thread-27][LocalContainerEntityManagerFactoryBean.destroy\(AbstractEntityManagerFactoryBean.java:650\16:28:32.741 INFO  [Thread-27][HikariDataSource.close\(HikariDataSource.java:350\16:28:32.753 INFO  [Thread-27][HikariDataSource.close\(HikariDataSource.java:352\16:28:32.870 INFO  [restartedMain][StaffSeatsBackendApplication.logStarting\(StartupInfoLogger.java:50\16:28:32.871 INFO  [restartedMain][StaffSeatsBackendApplication.logStartupProfileInfo\(SpringApplication.java:654\16:28:33.075 INFO  [restartedMain][RepositoryConfigurationDelegate.registerRepositoriesIn\(RepositoryConfigurationDelegate.java:139\16:28:33.102 INFO  [restartedMain][RepositoryConfigurationDelegate.registerRepositoriesIn\(RepositoryConfigurationDelegate.java:208\16:28:33.286 INFO  [restartedMain][TomcatWebServer.initialize\(TomcatWebServer.java:109\16:28:33.288 INFO  [restartedMain][Http11NioProtocol.log\(DirectJDKLog.java:173\16:28:33.288 INFO  [restartedMain][StandardService.log\(DirectJDKLog.java:173\16:28:33.289 INFO  [restartedMain][StandardEngine.log\(DirectJDKLog.java:173\16:28:33.321 INFO  [restartedMain][[/].log\(DirectJDKLog.java:173\16:28:33.322 INFO  [restartedMain][ServletWebServerApplicationContext.prepareWebApplicationContext\(ServletWebServerApplicationContext.java:296\16:28:33.339 INFO  [restartedMain][HikariDataSource.getConnection\(HikariDataSource.java:110\16:28:33.349 INFO  [restartedMain][HikariPool.checkFailFast\(HikariPool.java:565\16:28:33.349 INFO  [restartedMain][HikariDataSource.getConnection\(HikariDataSource.java:123\16:28:33.350 INFO  [restartedMain][H2ConsoleAutoConfiguration.logDataSources\(H2ConsoleAutoConfiguration.java:88\16:28:33.389 INFO  [restartedMain][LogHelper.logPersistenceUnitInformation\(LogHelper.java:31\16:28:33.393 INFO  [restartedMain][RegionFactoryInitiator.initiateService\(RegionFactoryInitiator.java:50\16:28:33.401 INFO  [restartedMain][SpringPersistenceUnitInfo.addTransformer\(SpringPersistenceUnitInfo.java:87\16:28:33.483 INFO  [restartedMain][JtaPlatformInitiator.initiateService\(JtaPlatformInitiator.java:58\16:28:33.485 INFO  [restartedMain][LocalContainerEntityManagerFactoryBean.buildNativeEntityManagerFactory\(AbstractEntityManagerFactoryBean.java:437\16:28:33.631 WARN  [restartedMain][JpaBaseConfiguration$JpaWebConfiguration.openEntityManagerInViewInterceptor\(JpaBaseConfiguration.java:232\16:28:33.728 INFO  [restartedMain][OptionalLiveReloadServer.startServer\(OptionalLiveReloadServer.java:59\16:28:33.734 INFO  [restartedMain][Http11NioProtocol.log\(DirectJDKLog.java:173\16:28:33.742 INFO  [restartedMain][TomcatWebServer.start\(TomcatWebServer.java:241\16:28:33.752 INFO  [restartedMain][StaffSeatsBackendApplication.logStarted\(StartupInfoLogger.java:56\16:28:33.754 INFO  [restartedMain][ConditionEvaluationDeltaLoggingListener.onApplicationEvent\(ConditionEvaluationDeltaLoggingListener.java:63\17:00:55.439 INFO  [background-preinit][Version.<clinit>\(Version.java:21\17:00:55.508 INFO  [restartedMain][StaffSeatsBackendApplication.logStarting\(StartupInfoLogger.java:50\17:00:55.510 INFO  [restartedMain][StaffSeatsBackendApplication.logStartupProfileInfo\(SpringApplication.java:654\17:00:55.571 INFO  [restartedMain][DevToolsPropertyDefaultsPostProcessor.logTo\(DeferredLog.java:252\17:00:55.571 INFO  [restartedMain][DevToolsPropertyDefaultsPostProcessor.logTo\(DeferredLog.java:252\17:00:56.393 INFO  [restartedMain][RepositoryConfigurationDelegate.registerRepositoriesIn\(RepositoryConfigurationDelegate.java:139\17:00:56.454 INFO  [restartedMain][RepositoryConfigurationDelegate.registerRepositoriesIn\(RepositoryConfigurationDelegate.java:208\17:00:57.353 INFO  [restartedMain][TomcatWebServer.initialize\(TomcatWebServer.java:109\17:00:57.366 INFO  [restartedMain][Http11NioProtocol.log\(DirectJDKLog.java:173\17:00:57.368 INFO  [restartedMain][StandardService.log\(DirectJDKLog.java:173\17:00:57.369 INFO  [restartedMain][StandardEngine.log\(DirectJDKLog.java:173\17:00:57.439 INFO  [restartedMain][[/].log\(DirectJDKLog.java:173\17:00:57.440 INFO  [restartedMain][ServletWebServerApplicationContext.prepareWebApplicationContext\(ServletWebServerApplicationContext.java:296\17:00:57.528 INFO  [restartedMain][HikariDataSource.getConnection\(HikariDataSource.java:110\17:00:57.924 INFO  [restartedMain][HikariPool.checkFailFast\(HikariPool.java:565\17:00:57.928 INFO  [restartedMain][HikariDataSource.getConnection\(HikariDataSource.java:123\17:00:57.944 INFO  [restartedMain][H2ConsoleAutoConfiguration.logDataSources\(H2ConsoleAutoConfiguration.java:88\17:00:58.192 INFO  [restartedMain][LogHelper.logPersistenceUnitInformation\(LogHelper.java:31\17:00:58.259 INFO  [restartedMain][Version.logVersion\(Version.java:44\17:00:58.299 INFO  [restartedMain][RegionFactoryInitiator.initiateService\(RegionFactoryInitiator.java:50\17:00:58.535 INFO  [restartedMain][SpringPersistenceUnitInfo.addTransformer\(SpringPersistenceUnitInfo.java:87\17:00:59.383 INFO  [restartedMain][JtaPlatformInitiator.initiateService\(JtaPlatformInitiator.java:58\17:00:59.386 INFO  [restartedMain][LocalContainerEntityManagerFactoryBean.buildNativeEntityManagerFactory\(AbstractEntityManagerFactoryBean.java:437\17:00:59.695 INFO  [restartedMain][QueryEnhancerFactory.<clinit>\(QueryEnhancerFactory.java:49\17:00:59.976 WARN  [restartedMain][JpaBaseConfiguration$JpaWebConfiguration.openEntityManagerInViewInterceptor\(JpaBaseConfiguration.java:232\17:01:00.814 INFO  [restartedMain][OptionalLiveReloadServer.startServer\(OptionalLiveReloadServer.java:59\17:01:00.843 INFO  [restartedMain][Http11NioProtocol.log\(DirectJDKLog.java:173\17:01:00.908 INFO  [restartedMain][TomcatWebServer.start\(TomcatWebServer.java:241\17:01:00.925 INFO  [restartedMain][StaffSeatsBackendApplication.logStarted\(StartupInfoLogger.java:56\17:01:06.642 INFO  [http-nio-8080-exec-1][[/].log\(DirectJDKLog.java:173\17:01:06.642 INFO  [http-nio-8080-exec-1][DispatcherServlet.initServletBean\(FrameworkServlet.java:532\17:01:06.644 INFO  [http-nio-8080-exec-1][DispatcherServlet.initServletBean\(FrameworkServlet.java:554\17:03:15.011 INFO  [background-preinit][Version.<clinit>\(Version.java:21\17:03:15.075 INFO  [restartedMain][StaffSeatsBackendApplication.logStarting\(StartupInfoLogger.java:50\17:03:15.078 INFO  [restartedMain][StaffSeatsBackendApplication.logStartupProfileInfo\(SpringApplication.java:654\17:03:15.154 INFO  [restartedMain][DevToolsPropertyDefaultsPostProcessor.logTo\(DeferredLog.java:252\17:03:15.154 INFO  [restartedMain][DevToolsPropertyDefaultsPostProcessor.logTo\(DeferredLog.java:252\17:03:16.021 INFO  [restartedMain][RepositoryConfigurationDelegate.registerRepositoriesIn\(RepositoryConfigurationDelegate.java:139\17:03:16.085 INFO  [restartedMain][RepositoryConfigurationDelegate.registerRepositoriesIn\(RepositoryConfigurationDelegate.java:208\17:03:16.935 INFO  [restartedMain][TomcatWebServer.initialize\(TomcatWebServer.java:109\17:03:16.949 INFO  [restartedMain][Http11NioProtocol.log\(DirectJDKLog.java:173\17:03:16.952 INFO  [restartedMain][StandardService.log\(DirectJDKLog.java:173\17:03:16.952 INFO  [restartedMain][StandardEngine.log\(DirectJDKLog.java:173\17:03:17.026 INFO  [restartedMain][[/].log\(DirectJDKLog.java:173\17:03:17.026 INFO  [restartedMain][ServletWebServerApplicationContext.prepareWebApplicationContext\(ServletWebServerApplicationContext.java:296\17:03:17.105 INFO  [restartedMain][HikariDataSource.getConnection\(HikariDataSource.java:110\17:03:17.513 INFO  [restartedMain][HikariPool.checkFailFast\(HikariPool.java:565\17:03:17.515 INFO  [restartedMain][HikariDataSource.getConnection\(HikariDataSource.java:123\17:03:17.525 INFO  [restartedMain][H2ConsoleAutoConfiguration.logDataSources\(H2ConsoleAutoConfiguration.java:88\17:03:17.851 INFO  [restartedMain][LogHelper.logPersistenceUnitInformation\(LogHelper.java:31\17:03:17.953 INFO  [restartedMain][Version.logVersion\(Version.java:44\17:03:17.996 INFO  [restartedMain][RegionFactoryInitiator.initiateService\(RegionFactoryInitiator.java:50\17:03:18.244 INFO  [restartedMain][SpringPersistenceUnitInfo.addTransformer\(SpringPersistenceUnitInfo.java:87\17:03:19.070 INFO  [restartedMain][JtaPlatformInitiator.initiateService\(JtaPlatformInitiator.java:58\17:03:19.076 INFO  [restartedMain][LocalContainerEntityManagerFactoryBean.buildNativeEntityManagerFactory\(AbstractEntityManagerFactoryBean.java:437\17:03:19.407 INFO  [restartedMain][QueryEnhancerFactory.<clinit>\(QueryEnhancerFactory.java:49\17:03:19.554 WARN  [restartedMain][JpaBaseConfiguration$JpaWebConfiguration.openEntityManagerInViewInterceptor\(JpaBaseConfiguration.java:232\17:03:20.154 INFO  [restartedMain][OptionalLiveReloadServer.startServer\(OptionalLiveReloadServer.java:59\17:03:20.177 INFO  [restartedMain][Http11NioProtocol.log\(DirectJDKLog.java:173\17:03:20.216 INFO  [restartedMain][TomcatWebServer.start\(TomcatWebServer.java:241\17:03:20.234 INFO  [restartedMain][StaffSeatsBackendApplication.logStarted\(StartupInfoLogger.java:56\17:03:28.011 INFO  [http-nio-8080-exec-2][[/].log\(DirectJDKLog.java:173\17:03:28.011 INFO  [http-nio-8080-exec-2][DispatcherServlet.initServletBean\(FrameworkServlet.java:532\17:03:28.012 INFO  [http-nio-8080-exec-2][DispatcherServlet.initServletBean\(FrameworkServlet.java:554\18:53:30.796 INFO  [background-preinit][Version.<clinit>\(Version.java:21\18:53:30.850 INFO  [restartedMain][StaffSeatsBackendApplication.logStarting\(StartupInfoLogger.java:50\18:53:30.851 INFO  [restartedMain][StaffSeatsBackendApplication.logStartupProfileInfo\(SpringApplication.java:654\18:53:30.906 INFO  [restartedMain][DevToolsPropertyDefaultsPostProcessor.logTo\(DeferredLog.java:252\18:53:30.906 INFO  [restartedMain][DevToolsPropertyDefaultsPostProcessor.logTo\(DeferredLog.java:252\18:53:31.685 INFO  [restartedMain][RepositoryConfigurationDelegate.registerRepositoriesIn\(RepositoryConfigurationDelegate.java:139\18:53:31.751 INFO  [restartedMain][RepositoryConfigurationDelegate.registerRepositoriesIn\(RepositoryConfigurationDelegate.java:208\18:53:32.492 INFO  [restartedMain][TomcatWebServer.initialize\(TomcatWebServer.java:109\18:53:32.505 INFO  [restartedMain][Http11NioProtocol.log\(DirectJDKLog.java:173\18:53:32.507 INFO  [restartedMain][StandardService.log\(DirectJDKLog.java:173\18:53:32.508 INFO  [restartedMain][StandardEngine.log\(DirectJDKLog.java:173\18:53:32.559 INFO  [restartedMain][[/].log\(DirectJDKLog.java:173\18:53:32.559 INFO  [restartedMain][ServletWebServerApplicationContext.prepareWebApplicationContext\(ServletWebServerApplicationContext.java:296\18:53:32.618 INFO  [restartedMain][HikariDataSource.getConnection\(HikariDataSource.java:110\18:53:32.984 INFO  [restartedMain][HikariPool.checkFailFast\(HikariPool.java:565\18:53:32.987 INFO  [restartedMain][HikariDataSource.getConnection\(HikariDataSource.java:123\18:53:32.998 INFO  [restartedMain][H2ConsoleAutoConfiguration.logDataSources\(H2ConsoleAutoConfiguration.java:88\18:53:33.317 INFO  [restartedMain][LogHelper.logPersistenceUnitInformation\(LogHelper.java:31\18:53:33.435 INFO  [restartedMain][Version.logVersion\(Version.java:44\18:53:33.472 INFO  [restartedMain][RegionFactoryInitiator.initiateService\(RegionFactoryInitiator.java:50\18:53:33.698 INFO  [restartedMain][SpringPersistenceUnitInfo.addTransformer\(SpringPersistenceUnitInfo.java:87\18:53:34.458 INFO  [restartedMain][JtaPlatformInitiator.initiateService\(JtaPlatformInitiator.java:58\18:53:34.461 INFO  [restartedMain][LocalContainerEntityManagerFactoryBean.buildNativeEntityManagerFactory\(AbstractEntityManagerFactoryBean.java:437\18:53:34.804 INFO  [restartedMain][QueryEnhancerFactory.<clinit>\(QueryEnhancerFactory.java:49\18:53:34.955 WARN  [restartedMain][JpaBaseConfiguration$JpaWebConfiguration.openEntityManagerInViewInterceptor\(JpaBaseConfiguration.java:232\18:53:35.690 INFO  [restartedMain][OptionalLiveReloadServer.startServer\(OptionalLiveReloadServer.java:59\18:53:35.715 INFO  [restartedMain][Http11NioProtocol.log\(DirectJDKLog.java:173\18:53:35.782 INFO  [restartedMain][TomcatWebServer.start\(TomcatWebServer.java:241\18:53:35.796 INFO  [restartedMain][StaffSeatsBackendApplication.logStarted\(StartupInfoLogger.java:56\18:56:19.222 INFO  [http-nio-8080-exec-2][[/].log\(DirectJDKLog.java:173\18:56:19.223 INFO  [http-nio-8080-exec-2][DispatcherServlet.initServletBean\(FrameworkServlet.java:532\18:56:19.224 INFO  [http-nio-8080-exec-2][DispatcherServlet.initServletBean\(FrameworkServlet.java:554\18:56:19.270 WARN  [http-nio-8080-exec-2][DefaultHandlerExceptionResolver.logException\(AbstractHandlerExceptionResolver.java:247\